<?xml version="1.0" encoding="UTF-8"?>
<!-- Generated by org.testng.reporters.JUnitXMLReporter -->
<testsuite hostname="madhurim-w10lt" ignored="0" name="EbaySearchFunctionalityTest" tests="2" failures="0" timestamp="18 Oct 2022 10:19:00 GMT" time="57.503" errors="0">
  <testcase name="validateAccessProductAfterApplyingFilter" time="35.043" classname="com.testCases.validateAccessingProductViaCategory"/>
  <testcase name="validateAccessingProductViaSearchBar" time="8.095" classname="com.testCases.validateAccessingProductViaSearch"/>
</testsuite> <!-- EbaySearchFunctionalityTest -->
