<?xml version="1.0" encoding="UTF-8"?>
<testng-results skipped="0" failed="0" ignored="0" total="1" passed="1">
  <reporter-output>
  </reporter-output>
  <suite name="Default suite" duration-ms="11614" started-at="2022-10-20T09:44:50Z" finished-at="2022-10-20T09:45:02Z">
    <groups>
    </groups>
    <test name="Default test" duration-ms="11614" started-at="2022-10-20T09:44:50Z" finished-at="2022-10-20T09:45:02Z">
      <class name="com.testCases.validateAccessingProductViaSearch">
        <test-method status="PASS" signature="setUp(java.lang.String)[pri:0, instance:com.testCases.validateAccessingProductViaSearch@4902c584]" name="setUp" is-config="true" duration-ms="8077" started-at="2022-10-20T09:44:52Z" finished-at="2022-10-20T09:45:00Z">
          <params>
            <param index="0">
              <value>
                <![CDATA[Configuration]]>
              </value>
            </param>
          </params>
          <reporter-output>
          </reporter-output>
        </test-method> <!-- setUp -->
        <test-method status="PASS" signature="validateAccessingProductViaSearchBar(java.lang.String, java.lang.String)[pri:0, instance:com.testCases.validateAccessingProductViaSearch@4902c584]" name="validateAccessingProductViaSearchBar" duration-ms="306" started-at="2022-10-20T09:45:00Z" finished-at="2022-10-20T09:45:00Z">
          <params>
            <param index="0">
              <value>
                <![CDATA[Computers/Tablets & Networking]]>
              </value>
            </param>
            <param index="1">
              <value>
                <![CDATA[MacBook]]>
              </value>
            </param>
          </params>
          <reporter-output>
          </reporter-output>
        </test-method> <!-- validateAccessingProductViaSearchBar -->
        <test-method status="PASS" signature="afterMethod(org.testng.ITestResult)[pri:0, instance:com.testCases.validateAccessingProductViaSearch@4902c584]" name="afterMethod" is-config="true" duration-ms="0" started-at="2022-10-20T09:45:01Z" finished-at="2022-10-20T09:45:01Z">
          <params>
            <param index="0">
              <value>
                <![CDATA[[TestResult name=validateAccessingProductViaSearchBar status=SUCCESS method=validateAccessingProductViaSearch.validateAccessingProductViaSearchBar(java.lang.String, java.lang.String)[pri:0, instance:com.testCases.validateAccessingProductViaSearch@4902c584] output={null}]]]>
              </value>
            </param>
          </params>
          <reporter-output>
          </reporter-output>
        </test-method> <!-- afterMethod -->
        <test-method status="PASS" signature="tearDown()[pri:0, instance:com.testCases.validateAccessingProductViaSearch@4902c584]" name="tearDown" is-config="true" duration-ms="1140" started-at="2022-10-20T09:45:01Z" finished-at="2022-10-20T09:45:02Z">
          <reporter-output>
          </reporter-output>
        </test-method> <!-- tearDown -->
      </class> <!-- com.testCases.validateAccessingProductViaSearch -->
    </test> <!-- Default test -->
  </suite> <!-- Default suite -->
</testng-results>
